Determining if the pthread_create exist failed with the following output:
Change Dir: /home/spyder/VSLAM_intern/orb-matching/build/CMakeFiles/CMakeTmp

Run Build Command:"/usr/bin/make" "cmTC_3928a/fast"
/usr/bin/make -f CMakeFiles/cmTC_3928a.dir/build.make CMakeFiles/cmTC_3928a.dir/build
make[1]: 进入目录“/home/spyder/VSLAM_intern/orb-matching/build/CMakeFiles/CMakeTmp”
Building C object CMakeFiles/cmTC_3928a.dir/CheckSymbolExists.c.o
/usr/bin/cc    -o CMakeFiles/cmTC_3928a.dir/CheckSymbolExists.c.o   -c /home/spyder/VSLAM_intern/orb-matching/build/CMakeFiles/CMakeTmp/CheckSymbolExists.c
Linking C executable cmTC_3928a
/usr/bin/cmake -E cmake_link_script CMakeFiles/cmTC_3928a.dir/link.txt --verbose=1
/usr/bin/cc      -rdynamic CMakeFiles/cmTC_3928a.dir/CheckSymbolExists.c.o  -o cmTC_3928a 
CMakeFiles/cmTC_3928a.dir/CheckSymbolExists.c.o：在函数‘main’中：
CheckSymbolExists.c:(.text+0x1b)：对‘pthread_create’未定义的引用
collect2: error: ld returned 1 exit status
CMakeFiles/cmTC_3928a.dir/build.make:97: recipe for target 'cmTC_3928a' failed
make[1]: *** [cmTC_3928a] Error 1
make[1]: 离开目录“/home/spyder/VSLAM_intern/orb-matching/build/CMakeFiles/CMakeTmp”
Makefile:126: recipe for target 'cmTC_3928a/fast' failed
make: *** [cmTC_3928a/fast] Error 2

File /home/spyder/VSLAM_intern/orb-matching/build/CMakeFiles/CMakeTmp/CheckSymbolExists.c:
/* */
#include <pthread.h>

int main(int argc, char** argv)
{
  (void)argv;
#ifndef pthread_create
  return ((int*)(&pthread_create))[argc];
#else
  (void)argc;
  return 0;
#endif
}

Determining if the function pthread_create exists in the pthreads failed with the following output:
Change Dir: /home/spyder/VSLAM_intern/orb-matching/build/CMakeFiles/CMakeTmp

Run Build Command:"/usr/bin/make" "cmTC_afad9/fast"
/usr/bin/make -f CMakeFiles/cmTC_afad9.dir/build.make CMakeFiles/cmTC_afad9.dir/build
make[1]: 进入目录“/home/spyder/VSLAM_intern/orb-matching/build/CMakeFiles/CMakeTmp”
Building C object CMakeFiles/cmTC_afad9.dir/CheckFunctionExists.c.o
/usr/bin/cc   -DCHECK_FUNCTION_EXISTS=pthread_create   -o CMakeFiles/cmTC_afad9.dir/CheckFunctionExists.c.o   -c /usr/share/cmake-3.10/Modules/CheckFunctionExists.c
Linking C executable cmTC_afad9
/usr/bin/cmake -E cmake_link_script CMakeFiles/cmTC_afad9.dir/link.txt --verbose=1
/usr/bin/cc  -DCHECK_FUNCTION_EXISTS=pthread_create    -rdynamic CMakeFiles/cmTC_afad9.dir/CheckFunctionExists.c.o  -o cmTC_afad9 -lpthreads 
/usr/bin/ld: 找不到 -lpthreads
collect2: error: ld returned 1 exit status
CMakeFiles/cmTC_afad9.dir/build.make:97: recipe for target 'cmTC_afad9' failed
make[1]: *** [cmTC_afad9] Error 1
make[1]: 离开目录“/home/spyder/VSLAM_intern/orb-matching/build/CMakeFiles/CMakeTmp”
Makefile:126: recipe for target 'cmTC_afad9/fast' failed
make: *** [cmTC_afad9/fast] Error 2


